2018-02-13 11:50:30:INFO: Create signaler for active 'EURUSD'.
2018-02-13 11:50:30:INFO: Signaler for active 'EURUSD' started.
2018-02-13 11:50:30:INFO: Signaler for active 'EURUSD' wait for pattern 'TBH'.
2018-02-13 12:22:01:INFO: Signaler for active 'EURUSD' recived pattern 'TBH' in direction 'call'.
2018-02-13 12:52:01:INFO: Signaler for active 'EURUSD' recived pattern 'TBH' in direction 'call'.
2018-02-13 13:04:02:INFO: Signaler for active 'EURUSD' recived pattern 'TBH' in direction 'put'.
2018-02-13 13:05:01:INFO: Signaler for active 'EURUSD' recived pattern 'TBH' in direction 'put'.
2018-02-13 13:08:05:INFO: Create signaler for active 'EURUSD'.
2018-02-13 13:08:05:INFO: Signaler for active 'EURUSD' started.
2018-02-13 13:08:05:INFO: Signaler for active 'EURUSD' wait for pattern 'TBH'.
2018-02-13 13:36:59:INFO: Create signaler for active 'EURUSD'.
2018-02-13 13:36:59:INFO: Signaler for active 'EURUSD' started.
2018-02-13 13:36:59:INFO: Signaler for active 'EURUSD' wait for pattern 'TBH'.
2018-02-13 14:51:44:INFO: Create signaler for active 'EURUSD'.
2018-02-13 14:51:44:INFO: Signaler for active 'EURUSD' started.
2018-02-13 14:51:44:INFO: Signaler for active 'EURUSD' wait for pattern 'TBH'.
2018-02-13 15:07:02:INFO: Signaler for active 'EURUSD' recived pattern 'TBH' in direction 'call'.
2018-02-13 15:36:53:INFO: Create signaler for active 'EURUSD'.
2018-02-13 15:36:53:INFO: Signaler for active 'EURUSD' started.
2018-02-13 15:36:53:INFO: Signaler for active 'EURUSD' wait for pattern 'TBH'.
2018-02-13 15:46:01:INFO: Signaler for active 'EURUSD' recived pattern 'TBH' in direction 'put'.
2018-02-13 15:48:57:INFO: Create signaler for active 'EURUSD'.
2018-02-13 15:48:57:INFO: Signaler for active 'EURUSD' started.
2018-02-13 15:48:57:INFO: Signaler for active 'EURUSD' wait for pattern 'TBH'.
2018-02-13 15:51:24:INFO: Create signaler for active 'EURUSD'.
2018-02-13 15:51:24:INFO: Signaler for active 'EURUSD' started.
2018-02-13 15:51:24:INFO: Signaler for active 'EURUSD' wait for pattern 'TBH'.
2018-02-13 15:59:18:INFO: Create signaler for active 'EURUSD'.
2018-02-13 15:59:18:INFO: Signaler for active 'EURUSD' started.
2018-02-13 15:59:18:INFO: Signaler for active 'EURUSD' wait for pattern 'TBH'.
2018-02-13 16:00:32:INFO: Create signaler for active 'EURUSD'.
2018-02-13 16:00:32:INFO: Signaler for active 'EURUSD' started.
2018-02-13 16:00:32:INFO: Signaler for active 'EURUSD' wait for pattern 'TBH'.
2018-02-13 16:53:01:INFO: Signaler for active 'EURUSD' recived pattern 'TBH' in direction 'put'.
2018-02-13 17:40:17:INFO: Create signaler for active 'EURUSD'.
2018-02-13 17:40:17:INFO: Signaler for active 'EURUSD' started.
2018-02-13 17:40:17:INFO: Signaler for active 'EURUSD' wait for pattern 'TBH'.
