2018-03-05 11:13:51:INFO: Create connection.
2018-03-05 11:13:58:INFO: Successfully connected.
2018-03-05 11:13:58:INFO: Create signalers.
2018-03-05 11:13:58:INFO: Create traders.
2018-03-05 11:13:58:INFO: Create Learner.
2018-03-05 11:15:01:INFO: Create connection.
2018-03-05 11:15:08:INFO: Successfully connected.
2018-03-05 11:15:08:INFO: Create signalers.
2018-03-05 11:15:08:INFO: Create traders.
2018-03-05 11:15:08:INFO: Create Learner.
2018-03-05 11:16:13:INFO: Create connection.
2018-03-05 11:16:19:INFO: Successfully connected.
2018-03-05 11:16:19:INFO: Create signalers.
2018-03-05 11:16:19:INFO: Create traders.
2018-03-05 11:16:19:INFO: Create Learner.
2018-03-05 11:16:51:INFO: Create connection.
2018-03-05 11:16:58:INFO: Successfully connected.
2018-03-05 11:16:58:INFO: Create signalers.
2018-03-05 11:16:58:INFO: Create traders.
2018-03-05 11:16:58:INFO: Create Learner.
2018-03-05 11:17:26:INFO: Create connection.
2018-03-05 11:17:32:INFO: Successfully connected.
2018-03-05 11:17:32:INFO: Create signalers.
2018-03-05 11:17:32:INFO: Create traders.
2018-03-05 11:17:32:INFO: Create Learner.
2018-03-05 11:17:52:INFO: Create connection.
2018-03-05 11:17:58:INFO: Successfully connected.
2018-03-05 11:17:58:INFO: Create signalers.
2018-03-05 11:17:58:INFO: Create traders.
2018-03-05 11:17:58:INFO: Create Learner.
2018-03-05 11:19:55:INFO: Create connection.
2018-03-05 11:20:01:INFO: Successfully connected.
2018-03-05 11:20:01:INFO: Create signalers.
2018-03-05 11:20:01:INFO: Create traders.
2018-03-05 11:20:01:INFO: Create Learner.
2018-03-05 11:21:33:INFO: Create connection.
2018-03-05 11:21:39:INFO: Successfully connected.
2018-03-05 11:21:39:INFO: Create signalers.
2018-03-05 11:21:39:INFO: Create traders.
2018-03-05 11:21:39:INFO: Create Learner.
2018-03-05 11:23:50:INFO: Create connection.
2018-03-05 11:23:56:INFO: Successfully connected.
2018-03-05 11:23:56:INFO: Create signalers.
2018-03-05 11:23:56:INFO: Create traders.
2018-03-05 11:23:56:INFO: Create Learner.
2018-03-05 11:23:57:INFO: Predicted price:'0.0'
2018-03-05 11:25:01:INFO: Predicted price:'0.0'
2018-03-05 11:26:02:INFO: Predicted price:'0.0'
2018-03-05 11:27:02:INFO: Predicted price:'0.0'
2018-03-05 11:28:02:INFO: Predicted price:'0.0'
2018-03-05 11:29:02:INFO: Predicted price:'0.0'
2018-03-05 11:30:01:INFO: Predicted price:'0.0'
2018-03-05 11:31:02:INFO: Predicted price:'0.0'
2018-03-05 11:32:01:INFO: Predicted price:'0.0'
2018-03-05 11:33:02:INFO: Predicted price:'0.0'
2018-03-05 11:34:01:INFO: Predicted price:'0.0'
2018-03-05 11:35:02:INFO: Predicted price:'0.0'
2018-03-05 11:36:02:INFO: Predicted price:'0.0'
2018-03-05 11:37:02:INFO: Predicted price:'0.0'
2018-03-05 11:38:01:INFO: Predicted price:'0.0'
2018-03-05 11:39:02:INFO: Predicted price:'0.0'
2018-03-05 11:40:01:INFO: Predicted price:'0.0'
2018-03-05 11:41:01:INFO: Predicted price:'0.0'
2018-03-05 11:42:01:INFO: Predicted price:'0.0'
2018-03-05 11:43:01:INFO: Predicted price:'0.0'
2018-03-05 11:44:02:INFO: Predicted price:'0.0'
2018-03-05 11:45:02:INFO: Predicted price:'0.0'
2018-03-05 11:46:02:INFO: Predicted price:'0.0'
2018-03-05 11:47:01:INFO: Predicted price:'0.0'
2018-03-05 11:48:02:INFO: Predicted price:'0.0'
2018-03-05 11:49:01:INFO: Predicted price:'0.0'
2018-03-05 11:50:01:INFO: Predicted price:'1.0'
2018-03-05 11:51:02:INFO: Predicted price:'1.0'
2018-03-05 11:51:02:INFO: Lower Band:'1231404.751656', First candle close: '1231190.000000'.
2018-03-05 11:52:01:INFO: Predicted price:'0.0'
2018-03-05 11:53:02:INFO: Predicted price:'0.0'
2018-03-05 11:54:02:INFO: Predicted price:'0.0'
2018-03-05 11:55:02:INFO: Predicted price:'0.0'
2018-03-05 11:56:03:INFO: Predicted price:'0.0'
2018-03-05 11:57:01:INFO: Predicted price:'0.0'
2018-03-05 11:58:02:INFO: Predicted price:'0.0'
2018-03-05 11:59:01:INFO: Predicted price:'1.0'
2018-03-05 12:00:01:INFO: Predicted price:'0.0'
2018-03-05 12:01:02:INFO: Predicted price:'0.0'
2018-03-05 12:02:02:INFO: Predicted price:'0.0'
2018-03-05 12:03:02:INFO: Predicted price:'0.0'
2018-03-05 12:04:01:INFO: Predicted price:'0.0'
2018-03-05 12:05:02:INFO: Predicted price:'0.0'
2018-03-05 12:06:02:INFO: Predicted price:'1.0'
2018-03-05 12:07:01:INFO: Predicted price:'0.0'
2018-03-05 12:08:02:INFO: Predicted price:'0.0'
2018-03-05 12:08:54:INFO: Create connection.
2018-03-05 12:09:00:INFO: Successfully connected.
2018-03-05 12:09:00:INFO: Create signalers.
2018-03-05 12:09:00:INFO: Create traders.
2018-03-05 12:09:00:INFO: Create Learner.
2018-03-05 12:09:08:INFO: Predicted price:'0.0'
2018-03-05 12:12:14:INFO: Create connection.
2018-03-05 12:12:20:INFO: Successfully connected.
2018-03-05 12:12:20:INFO: Create signalers.
2018-03-05 12:12:20:INFO: Create traders.
2018-03-05 12:12:20:INFO: Create Learner.
2018-03-05 12:12:22:INFO: Predicted price:'0.0'
2018-03-05 12:13:02:INFO: Predicted price:'1.0'
2018-03-05 12:14:02:INFO: Predicted price:'0.0'
2018-03-05 12:15:02:INFO: Predicted price:'0.0'
2018-03-05 12:16:01:INFO: Predicted price:'0.0'
2018-03-05 12:17:02:INFO: Predicted price:'0.0'
2018-03-05 12:18:02:INFO: Predicted price:'1.0'
2018-03-05 12:18:02:INFO: Lower Band:'1229046.535098', First candle close: '1228930.000000'.
2018-03-05 12:19:01:INFO: Predicted price:'0.0'
2018-03-05 12:20:01:INFO: Predicted price:'0.0'
2018-03-05 12:21:02:INFO: Predicted price:'0.0'
2018-03-05 12:22:02:INFO: Predicted price:'0.0'
2018-03-05 12:23:02:INFO: Predicted price:'0.0'
2018-03-05 12:24:02:INFO: Predicted price:'0.0'
2018-03-05 12:25:02:INFO: Predicted price:'0.0'
2018-03-05 12:26:02:INFO: Predicted price:'0.0'
2018-03-05 12:27:02:INFO: Predicted price:'0.0'
2018-03-05 12:28:01:INFO: Predicted price:'0.0'
2018-03-05 12:29:01:INFO: Predicted price:'0.0'
2018-03-05 12:30:01:INFO: Predicted price:'0.0'
2018-03-05 12:31:02:INFO: Predicted price:'0.0'
2018-03-05 12:32:02:INFO: Predicted price:'0.0'
2018-03-05 12:33:02:INFO: Predicted price:'0.0'
2018-03-05 12:34:02:INFO: Predicted price:'0.0'
2018-03-05 12:35:01:INFO: Predicted price:'0.0'
2018-03-05 12:36:02:INFO: Predicted price:'-1.0'
2018-03-05 12:37:02:INFO: Predicted price:'-1.0'
2018-03-05 12:38:01:INFO: Predicted price:'0.0'
2018-03-05 12:39:01:INFO: Predicted price:'0.0'
2018-03-05 12:40:01:INFO: Predicted price:'0.0'
2018-03-05 12:41:02:INFO: Predicted price:'0.0'
2018-03-05 12:42:02:INFO: Predicted price:'0.0'
2018-03-05 12:43:02:INFO: Predicted price:'1.0'
2018-03-05 12:44:02:INFO: Predicted price:'1.0'
2018-03-05 12:44:02:INFO: Lower Band:'1228824.099366', First candle close: '1228070.000000'.
2018-03-05 12:45:02:INFO: Predicted price:'0.0'
2018-03-05 12:46:02:INFO: Predicted price:'0.0'
2018-03-05 12:47:01:INFO: Predicted price:'0.0'
2018-03-05 12:48:01:INFO: Predicted price:'0.0'
2018-03-05 12:49:01:INFO: Predicted price:'0.0'
2018-03-05 12:50:02:INFO: Predicted price:'0.0'
2018-03-05 12:51:02:INFO: Predicted price:'0.0'
2018-03-05 12:52:01:INFO: Predicted price:'0.0'
2018-03-05 12:53:01:INFO: Predicted price:'0.0'
2018-03-05 12:54:02:INFO: Predicted price:'0.0'
2018-03-05 12:55:02:INFO: Predicted price:'0.0'
2018-03-05 12:56:02:INFO: Predicted price:'0.0'
2018-03-05 12:57:02:INFO: Predicted price:'0.0'
2018-03-05 12:58:01:INFO: Predicted price:'0.0'
2018-03-05 12:59:02:INFO: Predicted price:'0.0'
2018-03-05 13:00:02:INFO: Predicted price:'0.0'
2018-03-05 13:01:02:INFO: Predicted price:'0.0'
2018-03-05 13:02:02:INFO: Predicted price:'0.0'
2018-03-05 13:03:02:INFO: Predicted price:'0.0'
2018-03-05 13:04:01:INFO: Predicted price:'0.0'
2018-03-05 13:05:01:INFO: Predicted price:'0.0'
2018-03-05 13:06:01:INFO: Predicted price:'0.0'
2018-03-05 13:07:01:INFO: Predicted price:'-1.0'
2018-03-05 13:08:02:INFO: Predicted price:'-1.0'
2018-03-05 13:08:02:INFO: High Band:'1228605.626457', First candle close: '1228940.000000'.
2018-03-05 13:09:02:INFO: Predicted price:'0.0'
2018-03-05 13:10:01:INFO: Predicted price:'0.0'
2018-03-05 13:11:01:INFO: Predicted price:'0.0'
2018-03-05 13:12:02:INFO: Predicted price:'0.0'
2018-03-05 13:13:02:INFO: Predicted price:'0.0'
2018-03-05 13:14:02:INFO: Predicted price:'0.0'
2018-03-05 13:15:02:INFO: Predicted price:'0.0'
2018-03-05 13:16:01:INFO: Predicted price:'-1.0'
2018-03-05 13:16:01:INFO: High Band:'1229308.166526', First candle close: '1229320.000000'.
2018-03-05 13:17:02:INFO: Predicted price:'0.0'
2018-03-05 13:18:01:INFO: Predicted price:'0.0'
2018-03-05 13:19:01:INFO: Predicted price:'0.0'
2018-03-05 13:20:01:INFO: Predicted price:'0.0'
2018-03-05 13:21:01:INFO: Predicted price:'0.0'
2018-03-05 13:22:01:INFO: Predicted price:'0.0'
2018-03-05 13:23:01:INFO: Predicted price:'0.0'
2018-03-05 13:24:01:INFO: Predicted price:'0.0'
2018-03-05 13:25:01:INFO: Predicted price:'0.0'
2018-03-05 13:26:02:INFO: Predicted price:'0.0'
2018-03-05 13:27:02:INFO: Predicted price:'0.0'
2018-03-05 13:28:02:INFO: Predicted price:'0.0'
2018-03-05 13:29:02:INFO: Predicted price:'0.0'
2018-03-05 13:30:02:INFO: Predicted price:'1.0'
2018-03-05 13:30:02:INFO: Lower Band:'1228405.007542', First candle close: '1228220.000000'.
2018-03-05 13:31:02:INFO: Predicted price:'0.0'
2018-03-05 13:32:01:INFO: Predicted price:'0.0'
2018-03-05 13:33:01:INFO: Predicted price:'0.0'
2018-03-05 13:34:01:INFO: Predicted price:'-1.0'
2018-03-05 13:34:01:INFO: High Band:'1229285.500200', First candle close: '1229470.000000'.
2018-03-05 13:35:02:INFO: Predicted price:'0.0'
2018-03-05 13:36:02:INFO: Predicted price:'0.0'
2018-03-05 13:37:02:INFO: Predicted price:'-1.0'
2018-03-05 13:38:01:INFO: Predicted price:'-1.0'
2018-03-05 13:39:01:INFO: Predicted price:'-1.0'
2018-03-05 13:40:02:INFO: Predicted price:'-1.0'
2018-03-05 13:41:02:INFO: Predicted price:'0.0'
2018-03-05 13:42:02:INFO: Predicted price:'0.0'
2018-03-05 13:43:02:INFO: Predicted price:'0.0'
2018-03-05 13:44:02:INFO: Predicted price:'0.0'
2018-03-05 13:45:02:INFO: Predicted price:'0.0'
2018-03-05 13:46:02:INFO: Predicted price:'0.0'
2018-03-05 13:47:02:INFO: Predicted price:'0.0'
2018-03-05 13:48:02:INFO: Predicted price:'0.0'
2018-03-05 13:48:56:INFO: Create connection.
2018-03-05 13:49:02:INFO: Successfully connected.
2018-03-05 13:49:02:INFO: Create signalers.
2018-03-05 13:49:02:INFO: Create traders.
2018-03-05 13:49:02:INFO: Create Learner.
2018-03-05 14:03:15:INFO: Create connection.
2018-03-05 14:03:21:INFO: Successfully connected.
2018-03-05 14:03:21:INFO: Create signalers.
2018-03-05 14:03:21:INFO: Create traders.
2018-03-05 14:03:21:INFO: Create Learner.
2018-03-05 14:06:28:INFO: Create connection.
2018-03-05 14:06:35:INFO: Successfully connected.
2018-03-05 14:06:35:INFO: Create signalers.
2018-03-05 14:06:35:INFO: Create traders.
2018-03-05 14:06:35:INFO: Create Learner.
2018-03-05 14:07:46:INFO: Create connection.
2018-03-05 14:07:52:INFO: Successfully connected.
2018-03-05 14:07:52:INFO: Create signalers.
2018-03-05 14:07:52:INFO: Create traders.
2018-03-05 14:07:52:INFO: Create Learner.
2018-03-05 14:10:18:INFO: Create connection.
2018-03-05 14:10:24:INFO: Successfully connected.
2018-03-05 14:10:24:INFO: Create signalers.
2018-03-05 14:10:24:INFO: Create traders.
2018-03-05 14:10:24:INFO: Create Learner.
2018-03-05 14:11:33:INFO: Create connection.
2018-03-05 14:11:39:INFO: Successfully connected.
2018-03-05 14:11:39:INFO: Create signalers.
2018-03-05 14:11:39:INFO: Create traders.
2018-03-05 14:11:39:INFO: Create Learner.
2018-03-05 14:12:43:INFO: Create connection.
2018-03-05 14:12:49:INFO: Successfully connected.
2018-03-05 14:12:49:INFO: Create signalers.
2018-03-05 14:12:49:INFO: Create traders.
2018-03-05 14:12:49:INFO: Create Learner.
2018-03-05 14:13:24:INFO: Create connection.
2018-03-05 14:13:30:INFO: Successfully connected.
2018-03-05 14:13:30:INFO: Create signalers.
2018-03-05 14:13:30:INFO: Create traders.
2018-03-05 14:13:30:INFO: Create Learner.
2018-03-05 14:13:53:INFO: Create connection.
2018-03-05 14:13:59:INFO: Successfully connected.
2018-03-05 14:13:59:INFO: Create signalers.
2018-03-05 14:13:59:INFO: Create traders.
2018-03-05 14:13:59:INFO: Create Learner.
2018-03-05 14:15:24:INFO: Create connection.
2018-03-05 14:15:30:INFO: Successfully connected.
2018-03-05 14:15:30:INFO: Create signalers.
2018-03-05 14:15:30:INFO: Create traders.
2018-03-05 14:15:30:INFO: Create Learner.
2018-03-05 14:53:49:INFO: Create connection.
2018-03-05 14:53:55:INFO: Successfully connected.
2018-03-05 14:53:55:INFO: Create signalers.
2018-03-05 14:53:55:INFO: Create traders.
2018-03-05 14:53:55:INFO: Create Learner.
2018-03-05 15:26:05:INFO: Create connection.
2018-03-05 15:26:11:INFO: Successfully connected.
2018-03-05 15:26:11:INFO: Create signalers.
2018-03-05 15:26:11:INFO: Create traders.
2018-03-05 15:26:11:INFO: Create Learner.
2018-03-05 15:27:12:INFO: Create connection.
2018-03-05 15:27:18:INFO: Successfully connected.
2018-03-05 15:27:18:INFO: Create signalers.
2018-03-05 15:27:18:INFO: Create traders.
2018-03-05 15:27:18:INFO: Create Learner.
2018-03-05 15:28:19:INFO: Create connection.
2018-03-05 15:28:25:INFO: Successfully connected.
2018-03-05 15:28:25:INFO: Create signalers.
2018-03-05 15:28:25:INFO: Create traders.
2018-03-05 15:28:25:INFO: Create Learner.
2018-03-05 15:38:05:INFO: Create connection.
2018-03-05 15:38:12:INFO: Successfully connected.
2018-03-05 15:38:12:INFO: Create signalers.
2018-03-05 15:38:12:INFO: Create traders.
2018-03-05 15:38:12:INFO: Create Learner.
2018-03-05 15:40:46:INFO: Create connection.
2018-03-05 15:40:52:INFO: Successfully connected.
2018-03-05 15:40:52:INFO: Create signalers.
2018-03-05 15:40:52:INFO: Create traders.
2018-03-05 15:40:52:INFO: Create Learner.
2018-03-05 15:42:45:INFO: Create connection.
2018-03-05 15:53:45:INFO: Create connection.
2018-03-05 15:53:51:INFO: Successfully connected.
2018-03-05 15:53:51:INFO: Create signalers.
2018-03-05 15:53:51:INFO: Create traders.
2018-03-05 15:53:51:INFO: Create Learner.
2018-03-05 16:34:27:INFO: Create connection.
2018-03-05 16:34:33:INFO: Successfully connected.
2018-03-05 16:34:33:INFO: Create signalers.
2018-03-05 16:34:33:INFO: Create traders.
2018-03-05 16:34:33:INFO: Create Learner.
2018-03-05 16:37:52:INFO: Create connection.
2018-03-05 16:37:58:INFO: Successfully connected.
2018-03-05 16:37:58:INFO: Create signalers.
2018-03-05 16:37:58:INFO: Create traders.
2018-03-05 16:37:58:INFO: Create Learner.
2018-03-05 20:43:23:INFO: Create connection.
2018-03-05 20:43:29:INFO: Successfully connected.
2018-03-05 20:43:29:INFO: Create signalers.
2018-03-05 20:43:29:INFO: Create traders.
2018-03-05 20:43:29:INFO: Create Learner.
2018-03-05 20:43:37:INFO: Predicted price:'0.0'
2018-03-05 21:01:02:INFO: Create connection.
2018-03-05 21:01:08:INFO: Successfully connected.
2018-03-05 21:01:08:INFO: Create signalers.
2018-03-05 21:01:08:INFO: Create traders.
2018-03-05 21:01:08:INFO: Create Learner.
2018-03-05 21:01:09:INFO: Predicted price:'-1.0'
2018-03-05 21:01:09:INFO: aroon_up:'0.000000', aroon_down:'0.000000'
2018-03-05 21:02:02:INFO: Predicted price:'0.0'
2018-03-05 21:02:02:INFO: aroon_up:'0.000000', aroon_down:'0.000000'
2018-03-05 21:02:53:INFO: Create connection.
2018-03-05 21:02:59:INFO: Successfully connected.
2018-03-05 21:02:59:INFO: Create signalers.
2018-03-05 21:02:59:INFO: Create traders.
2018-03-05 21:02:59:INFO: Create Learner.
2018-03-05 21:03:00:INFO: Predicted price:'0.0'
2018-03-05 21:03:00:INFO: aroon_up:'0.000000', aroon_down:'0.000000'
2018-03-05 21:11:53:INFO: Create connection.
2018-03-05 21:11:59:INFO: Successfully connected.
2018-03-05 21:11:59:INFO: Create signalers.
2018-03-05 21:11:59:INFO: Create traders.
2018-03-05 21:11:59:INFO: Create Learner.
2018-03-05 21:12:00:INFO: Predicted price:'0.0'
2018-03-05 21:12:00:INFO: aroon_up:'0.000000', aroon_down:'0.000000'
2018-03-05 21:13:01:INFO: Predicted price:'0.0'
2018-03-05 21:13:01:INFO: aroon_up:'0.000000', aroon_down:'0.000000'
2018-03-05 21:14:02:INFO: Predicted price:'0.0'
2018-03-05 21:14:02:INFO: aroon_up:'0.000000', aroon_down:'0.000000'
2018-03-05 21:15:02:INFO: Predicted price:'-1.0'
2018-03-05 21:15:02:INFO: aroon_up:'0.000000', aroon_down:'0.000000'
2018-03-05 21:15:11:INFO: Create connection.
2018-03-05 21:15:17:INFO: Successfully connected.
2018-03-05 21:15:17:INFO: Create signalers.
2018-03-05 21:15:17:INFO: Create traders.
2018-03-05 21:15:17:INFO: Create Learner.
2018-03-05 21:15:18:INFO: Predicted price:'0.0'
2018-03-05 21:15:18:INFO: aroon_up:'100.000000', aroon_down:'82.142857'
2018-03-05 21:16:02:INFO: Predicted price:'0.0'
2018-03-05 21:16:02:INFO: aroon_up:'100.000000', aroon_down:'82.142857'
2018-03-05 21:17:01:INFO: Predicted price:'-1.0'
2018-03-05 21:17:01:INFO: aroon_up:'100.000000', aroon_down:'78.571429'
2018-03-05 21:17:01:INFO: High Band:'1232373.440735', First candle close: '1232815.000000'.
2018-03-05 21:18:02:INFO: Predicted price:'0.0'
2018-03-05 21:18:02:INFO: aroon_up:'96.428571', aroon_down:'75.000000'
2018-03-05 21:18:17:INFO: Create connection.
2018-03-05 21:18:23:INFO: Successfully connected.
2018-03-05 21:18:23:INFO: Create signalers.
2018-03-05 21:18:23:INFO: Create traders.
2018-03-05 21:18:23:INFO: Create Learner.
2018-03-05 21:18:24:INFO: Predicted price:'0.0'
2018-03-05 21:18:24:INFO: aroon_up:'92.857143', aroon_down:'71.428571'
2018-03-05 21:19:01:INFO: Predicted price:'0.0'
2018-03-05 21:19:01:INFO: aroon_up:'92.857143', aroon_down:'71.428571'
2018-03-05 21:20:02:INFO: Predicted price:'0.0'
2018-03-05 21:20:02:INFO: aroon_up:'85.714286', aroon_down:'64.285714'
2018-03-05 21:21:02:INFO: Predicted price:'0.0'
2018-03-05 21:21:02:INFO: aroon_up:'85.714286', aroon_down:'64.285714'
2018-03-05 21:22:01:INFO: Predicted price:'0.0'
2018-03-05 21:22:01:INFO: aroon_up:'100.000000', aroon_down:'60.714286'
2018-03-05 21:23:02:INFO: Predicted price:'0.0'
2018-03-05 21:23:02:INFO: aroon_up:'100.000000', aroon_down:'57.142857'
2018-03-05 21:24:01:INFO: Predicted price:'0.0'
2018-03-05 21:24:01:INFO: aroon_up:'96.428571', aroon_down:'53.571429'
2018-03-05 21:25:02:INFO: Predicted price:'0.0'
2018-03-05 21:25:02:INFO: aroon_up:'89.285714', aroon_down:'46.428571'
2018-03-05 21:26:02:INFO: Predicted price:'0.0'
2018-03-05 21:26:02:INFO: aroon_up:'89.285714', aroon_down:'46.428571'
2018-03-05 21:27:01:INFO: Predicted price:'0.0'
2018-03-05 21:27:01:INFO: aroon_up:'85.714286', aroon_down:'42.857143'
2018-03-05 21:28:02:INFO: Predicted price:'0.0'
2018-03-05 21:28:02:INFO: aroon_up:'78.571429', aroon_down:'35.714286'
2018-03-05 21:29:02:INFO: Predicted price:'0.0'
2018-03-05 21:29:02:INFO: aroon_up:'78.571429', aroon_down:'35.714286'
2018-03-05 21:30:01:INFO: Predicted price:'0.0'
2018-03-05 21:30:01:INFO: aroon_up:'75.000000', aroon_down:'32.142857'
2018-03-05 21:31:01:INFO: Predicted price:'0.0'
2018-03-05 21:31:01:INFO: aroon_up:'71.428571', aroon_down:'28.571429'
2018-03-05 21:32:02:INFO: Predicted price:'0.0'
2018-03-05 21:32:02:INFO: aroon_up:'100.000000', aroon_down:'25.000000'
2018-03-05 21:33:02:INFO: Predicted price:'0.0'
2018-03-05 21:33:02:INFO: aroon_up:'96.428571', aroon_down:'21.428571'
2018-03-05 21:34:02:INFO: Predicted price:'0.0'
2018-03-05 21:34:02:INFO: aroon_up:'92.857143', aroon_down:'17.857143'
2018-03-05 21:35:02:INFO: Predicted price:'0.0'
2018-03-05 21:35:02:INFO: aroon_up:'89.285714', aroon_down:'14.285714'
2018-03-05 21:36:02:INFO: Predicted price:'0.0'
2018-03-05 21:36:02:INFO: aroon_up:'85.714286', aroon_down:'10.714286'
2018-03-05 21:37:01:INFO: Predicted price:'0.0'
2018-03-05 21:37:01:INFO: aroon_up:'82.142857', aroon_down:'7.142857'
2018-03-05 21:38:02:INFO: Predicted price:'0.0'
2018-03-05 21:38:02:INFO: aroon_up:'78.571429', aroon_down:'3.571429'
2018-03-05 21:39:01:INFO: Predicted price:'0.0'
2018-03-05 21:39:01:INFO: aroon_up:'75.000000', aroon_down:'3.571429'
2018-03-05 21:40:01:INFO: Predicted price:'0.0'
2018-03-05 21:40:01:INFO: aroon_up:'71.428571', aroon_down:'3.571429'
2018-03-05 21:41:02:INFO: Predicted price:'0.0'
2018-03-05 21:41:02:INFO: aroon_up:'67.857143', aroon_down:'3.571429'
2018-03-05 21:42:02:INFO: Predicted price:'0.0'
2018-03-05 21:42:02:INFO: aroon_up:'64.285714', aroon_down:'3.571429'
2018-03-05 21:43:02:INFO: Predicted price:'0.0'
2018-03-05 21:43:02:INFO: aroon_up:'60.714286', aroon_down:'78.571429'
2018-03-05 21:44:01:INFO: Predicted price:'0.0'
2018-03-05 21:44:01:INFO: aroon_up:'100.000000', aroon_down:'75.000000'
2018-03-05 21:45:02:INFO: Predicted price:'0.0'
2018-03-05 21:45:02:INFO: aroon_up:'100.000000', aroon_down:'67.857143'
2018-03-05 21:46:02:INFO: Predicted price:'0.0'
2018-03-05 21:46:02:INFO: aroon_up:'100.000000', aroon_down:'67.857143'
2018-03-05 21:47:01:INFO: Predicted price:'0.0'
2018-03-05 21:47:01:INFO: aroon_up:'100.000000', aroon_down:'64.285714'
2018-03-05 21:48:01:INFO: Predicted price:'0.0'
2018-03-05 21:48:01:INFO: aroon_up:'100.000000', aroon_down:'60.714286'
2018-03-05 21:49:02:INFO: Predicted price:'0.0'
2018-03-05 21:49:02:INFO: aroon_up:'96.428571', aroon_down:'57.142857'
2018-03-05 21:50:02:INFO: Predicted price:'0.0'
2018-03-05 21:50:02:INFO: aroon_up:'92.857143', aroon_down:'53.571429'
2018-03-05 21:51:02:INFO: Predicted price:'0.0'
2018-03-05 21:51:02:INFO: aroon_up:'89.285714', aroon_down:'50.000000'
2018-03-05 21:52:02:INFO: Predicted price:'0.0'
2018-03-05 21:52:02:INFO: aroon_up:'100.000000', aroon_down:'46.428571'
2018-03-05 21:53:01:INFO: Predicted price:'0.0'
2018-03-05 21:53:01:INFO: aroon_up:'100.000000', aroon_down:'42.857143'
2018-03-05 21:54:02:INFO: Predicted price:'0.0'
2018-03-05 21:54:02:INFO: aroon_up:'96.428571', aroon_down:'39.285714'
2018-03-05 21:55:02:INFO: Predicted price:'0.0'
2018-03-05 21:55:02:INFO: aroon_up:'100.000000', aroon_down:'35.714286'
2018-03-05 21:56:01:INFO: Predicted price:'0.0'
2018-03-05 21:56:01:INFO: aroon_up:'100.000000', aroon_down:'32.142857'
2018-03-05 21:57:01:INFO: Predicted price:'0.0'
2018-03-05 21:57:01:INFO: aroon_up:'100.000000', aroon_down:'28.571429'
2018-03-05 21:58:02:INFO: Predicted price:'0.0'
2018-03-05 21:58:02:INFO: aroon_up:'100.000000', aroon_down:'25.000000'
2018-03-05 21:59:02:INFO: Predicted price:'0.0'
2018-03-05 21:59:02:INFO: aroon_up:'100.000000', aroon_down:'21.428571'
2018-03-05 22:00:02:INFO: Predicted price:'0.0'
2018-03-05 22:00:02:INFO: aroon_up:'96.428571', aroon_down:'17.857143'
2018-03-05 22:01:01:INFO: Predicted price:'0.0'
2018-03-05 22:01:01:INFO: aroon_up:'92.857143', aroon_down:'14.285714'
2018-03-05 22:02:02:INFO: Predicted price:'0.0'
2018-03-05 22:02:02:INFO: aroon_up:'89.285714', aroon_down:'10.714286'
2018-03-05 22:03:02:INFO: Predicted price:'0.0'
2018-03-05 22:03:02:INFO: aroon_up:'85.714286', aroon_down:'7.142857'
2018-03-05 22:04:01:INFO: Predicted price:'0.0'
2018-03-05 22:04:01:INFO: aroon_up:'82.142857', aroon_down:'3.571429'
2018-03-05 22:05:02:INFO: Predicted price:'0.0'
2018-03-05 22:05:02:INFO: aroon_up:'78.571429', aroon_down:'3.571429'
2018-03-05 22:06:01:INFO: Predicted price:'0.0'
2018-03-05 22:06:01:INFO: aroon_up:'75.000000', aroon_down:'7.142857'
2018-03-05 22:07:02:INFO: Predicted price:'0.0'
2018-03-05 22:07:02:INFO: aroon_up:'71.428571', aroon_down:'3.571429'
2018-03-05 22:08:02:INFO: Predicted price:'0.0'
2018-03-05 22:08:02:INFO: aroon_up:'67.857143', aroon_down:'3.571429'
2018-03-05 22:09:02:INFO: Predicted price:'0.0'
2018-03-05 22:09:02:INFO: aroon_up:'64.285714', aroon_down:'7.142857'
2018-03-05 22:10:02:INFO: Predicted price:'0.0'
2018-03-05 22:10:02:INFO: aroon_up:'60.714286', aroon_down:'3.571429'
2018-03-05 22:11:01:INFO: Predicted price:'0.0'
2018-03-05 22:11:01:INFO: aroon_up:'57.142857', aroon_down:'21.428571'
2018-03-05 22:12:02:INFO: Predicted price:'0.0'
2018-03-05 22:12:02:INFO: aroon_up:'53.571429', aroon_down:'17.857143'
2018-03-05 22:13:01:INFO: Predicted price:'0.0'
2018-03-05 22:13:01:INFO: aroon_up:'50.000000', aroon_down:'14.285714'
2018-03-05 22:14:01:INFO: Predicted price:'0.0'
2018-03-05 22:14:01:INFO: aroon_up:'46.428571', aroon_down:'10.714286'
2018-03-05 22:15:01:INFO: Predicted price:'0.0'
2018-03-05 22:15:01:INFO: aroon_up:'42.857143', aroon_down:'7.142857'
2018-03-05 22:16:01:INFO: Predicted price:'1.0'
2018-03-05 22:16:01:INFO: aroon_up:'39.285714', aroon_down:'3.571429'
2018-03-05 22:17:02:INFO: Predicted price:'0.0'
2018-03-05 22:17:02:INFO: aroon_up:'35.714286', aroon_down:'3.571429'
2018-03-05 22:18:02:INFO: Predicted price:'0.0'
2018-03-05 22:18:02:INFO: aroon_up:'32.142857', aroon_down:'3.571429'
2018-03-05 22:19:02:INFO: Predicted price:'0.0'
2018-03-05 22:19:02:INFO: aroon_up:'28.571429', aroon_down:'89.285714'
2018-03-05 22:20:02:INFO: Predicted price:'0.0'
2018-03-05 22:20:02:INFO: aroon_up:'25.000000', aroon_down:'85.714286'
2018-03-05 22:21:02:INFO: Predicted price:'0.0'
2018-03-05 22:21:02:INFO: aroon_up:'17.857143', aroon_down:'78.571429'
2018-03-05 22:22:02:INFO: Predicted price:'0.0'
2018-03-05 22:22:02:INFO: aroon_up:'17.857143', aroon_down:'78.571429'
2018-03-05 22:23:02:INFO: Predicted price:'0.0'
2018-03-05 22:23:02:INFO: aroon_up:'14.285714', aroon_down:'75.000000'
2018-03-05 22:24:01:INFO: Predicted price:'0.0'
2018-03-05 22:24:01:INFO: aroon_up:'10.714286', aroon_down:'71.428571'
2018-03-05 22:25:01:INFO: Predicted price:'0.0'
2018-03-05 22:25:01:INFO: aroon_up:'7.142857', aroon_down:'67.857143'
2018-03-05 22:26:01:INFO: Predicted price:'0.0'
2018-03-05 22:26:01:INFO: aroon_up:'3.571429', aroon_down:'64.285714'
2018-03-05 22:27:02:INFO: Predicted price:'0.0'
2018-03-05 22:27:02:INFO: aroon_up:'3.571429', aroon_down:'60.714286'
2018-03-05 22:28:01:INFO: Predicted price:'0.0'
2018-03-05 22:28:01:INFO: aroon_up:'3.571429', aroon_down:'57.142857'
2018-03-05 22:29:02:INFO: Predicted price:'0.0'
2018-03-05 22:29:02:INFO: aroon_up:'3.571429', aroon_down:'100.000000'
2018-03-05 22:30:02:INFO: Predicted price:'0.0'
2018-03-05 22:30:02:INFO: aroon_up:'7.142857', aroon_down:'96.428571'
2018-03-05 22:31:02:INFO: Predicted price:'0.0'
2018-03-05 22:31:02:INFO: aroon_up:'3.571429', aroon_down:'100.000000'
2018-03-05 22:32:02:INFO: Predicted price:'1.0'
2018-03-05 22:32:02:INFO: aroon_up:'3.571429', aroon_down:'100.000000'
2018-03-05 22:33:01:INFO: Predicted price:'0.0'
2018-03-05 22:33:01:INFO: aroon_up:'3.571429', aroon_down:'96.428571'
2018-03-05 22:34:02:INFO: Predicted price:'0.0'
2018-03-05 22:34:02:INFO: aroon_up:'17.857143', aroon_down:'100.000000'
2018-03-05 22:35:01:INFO: Predicted price:'0.0'
2018-03-05 22:35:01:INFO: aroon_up:'14.285714', aroon_down:'96.428571'
2018-03-05 22:36:01:INFO: Predicted price:'0.0'
2018-03-05 22:36:01:INFO: aroon_up:'10.714286', aroon_down:'100.000000'
2018-03-05 22:37:02:INFO: Predicted price:'0.0'
2018-03-05 22:37:02:INFO: aroon_up:'7.142857', aroon_down:'96.428571'
2018-03-05 22:38:01:INFO: Predicted price:'0.0'
2018-03-05 22:38:01:INFO: aroon_up:'3.571429', aroon_down:'92.857143'
2018-03-05 22:39:02:INFO: Predicted price:'0.0'
2018-03-05 22:39:02:INFO: aroon_up:'3.571429', aroon_down:'89.285714'
2018-03-05 22:40:02:INFO: Predicted price:'0.0'
2018-03-05 22:40:02:INFO: aroon_up:'42.857143', aroon_down:'100.000000'
2018-03-05 22:41:02:INFO: Predicted price:'0.0'
2018-03-05 22:41:02:INFO: aroon_up:'39.285714', aroon_down:'100.000000'
2018-03-05 22:42:02:INFO: Predicted price:'0.0'
2018-03-05 22:42:02:INFO: aroon_up:'35.714286', aroon_down:'96.428571'
2018-03-05 22:43:01:INFO: Predicted price:'0.0'
2018-03-05 22:43:01:INFO: aroon_up:'32.142857', aroon_down:'92.857143'
2018-03-05 22:44:01:INFO: Predicted price:'1.0'
2018-03-05 22:44:01:INFO: aroon_up:'28.571429', aroon_down:'89.285714'
2018-03-05 22:45:02:INFO: Predicted price:'0.0'
2018-03-05 22:45:02:INFO: aroon_up:'25.000000', aroon_down:'85.714286'
2018-03-05 22:46:02:INFO: Predicted price:'0.0'
2018-03-05 22:46:02:INFO: aroon_up:'21.428571', aroon_down:'82.142857'
2018-03-05 22:49:24:INFO: Create connection.
2018-03-05 22:49:30:INFO: Successfully connected.
2018-03-05 22:49:30:INFO: Create signalers.
2018-03-05 22:49:30:INFO: Create traders.
2018-03-05 22:49:30:INFO: Create Learner.
2018-03-05 22:49:37:INFO: Predicted price:'0.0'
2018-03-05 22:49:38:INFO: Predicted price:'0.0'
2018-03-05 22:50:01:INFO: Predicted price:'0.0'
2018-03-05 22:50:02:INFO: Predicted price:'0.0'
2018-03-05 22:52:19:INFO: Create connection.
2018-03-05 22:52:25:INFO: Successfully connected.
2018-03-05 22:52:25:INFO: Create signalers.
2018-03-05 22:52:25:INFO: Create traders.
2018-03-05 22:52:25:INFO: Create Learner.
2018-03-05 22:52:32:INFO: Predicted price:'0.0'
2018-03-05 22:52:33:INFO: Predicted price:'0.0'
2018-03-05 22:53:06:INFO: Create connection.
2018-03-05 22:53:12:INFO: Successfully connected.
2018-03-05 22:53:12:INFO: Create signalers.
2018-03-05 22:53:12:INFO: Create traders.
2018-03-05 22:53:12:INFO: Create Learner.
2018-03-05 22:53:19:INFO: Predicted price:'0.0'
2018-03-05 22:53:20:INFO: Predicted price:'0.0'
2018-03-05 22:53:43:INFO: Create connection.
2018-03-05 22:53:49:INFO: Successfully connected.
2018-03-05 22:53:49:INFO: Create signalers.
2018-03-05 22:53:49:INFO: Create traders.
2018-03-05 22:53:49:INFO: Create Learner.
2018-03-05 22:53:54:INFO: Predicted price:'0.0'
2018-03-05 22:55:02:INFO: High Band:'1233162.460384', First candle close: '1233840.000000'.
2018-03-05 22:57:02:INFO: Predicted price:'0.0'
2018-03-05 22:58:02:INFO: Predicted price:'0.0'
2018-03-05 22:59:03:INFO: Predicted price:'0.0'
2018-03-05 23:00:03:INFO: Predicted price:'0.0'
2018-03-05 23:01:02:INFO: Predicted price:'0.0'
2018-03-05 23:02:03:INFO: Predicted price:'0.0'
2018-03-05 23:03:03:INFO: Predicted price:'0.0'
2018-03-05 23:05:02:INFO: Predicted price:'0.0'
2018-03-05 23:06:03:INFO: Predicted price:'0.0'
2018-03-05 23:07:03:INFO: Predicted price:'0.0'
2018-03-05 23:09:02:INFO: Predicted price:'0.0'
2018-03-05 23:10:02:INFO: Predicted price:'0.0'
2018-03-05 23:11:02:INFO: Predicted price:'0.0'
2018-03-05 23:12:02:INFO: Predicted price:'0.0'
2018-03-05 23:13:02:INFO: Predicted price:'0.0'
2018-03-05 23:14:03:INFO: Predicted price:'0.0'
2018-03-05 23:15:03:INFO: Predicted price:'0.0'
2018-03-05 23:16:03:INFO: Predicted price:'0.0'
2018-03-05 23:17:03:INFO: Predicted price:'0.0'
2018-03-05 23:20:02:INFO: Predicted price:'0.0'
2018-03-05 23:21:03:INFO: Predicted price:'0.0'
2018-03-05 23:22:03:INFO: Predicted price:'0.0'
2018-03-05 23:23:03:INFO: Predicted price:'0.0'
2018-03-05 23:24:03:INFO: Predicted price:'0.0'
2018-03-05 23:25:03:INFO: Predicted price:'0.0'
2018-03-05 23:26:03:INFO: Predicted price:'0.0'
2018-03-05 23:27:03:INFO: Predicted price:'0.0'
2018-03-05 23:28:04:INFO: Predicted price:'0.0'
2018-03-05 23:29:03:INFO: Predicted price:'0.0'
2018-03-05 23:31:02:INFO: Predicted price:'-1.0'
2018-03-05 23:32:02:INFO: Predicted price:'-1.0'
2018-03-05 23:33:01:INFO: High Band:'1233308.174958', First candle close: '1233445.000000'.
2018-03-05 23:34:02:INFO: Predicted price:'0.0'
2018-03-05 23:35:33:INFO: Create connection.
2018-03-05 23:35:39:INFO: Successfully connected.
2018-03-05 23:35:39:INFO: Create signalers.
2018-03-05 23:35:39:INFO: Create traders.
2018-03-05 23:35:39:INFO: Create Learner.
2018-03-05 23:35:46:INFO: Predicted price:'0.0'
2018-03-05 23:36:02:INFO: Predicted price:'0.0'
2018-03-05 23:37:02:INFO: Predicted price:'0.0'
2018-03-05 23:38:02:INFO: Predicted price:'0.0'
2018-03-05 23:39:01:INFO: Predicted price:'0.0'
2018-03-05 23:40:02:INFO: Predicted price:'0.0'
2018-03-05 23:41:02:INFO: Predicted price:'0.0'
2018-03-05 23:42:02:INFO: Predicted price:'0.0'
2018-03-05 23:43:01:INFO: Predicted price:'0.0'
2018-03-05 23:44:01:INFO: Predicted price:'0.0'
2018-03-05 23:45:01:INFO: Predicted price:'1.0'
2018-03-05 23:46:03:INFO: Predicted price:'1.0'
2018-03-05 23:47:02:INFO: Predicted price:'1.0'
2018-03-05 23:48:02:INFO: Predicted price:'0.0'
2018-03-05 23:49:02:INFO: Predicted price:'0.0'
2018-03-05 23:50:02:INFO: Predicted price:'0.0'
2018-03-05 23:51:02:INFO: Predicted price:'0.0'
2018-03-05 23:52:01:INFO: Predicted price:'0.0'
2018-03-05 23:53:01:INFO: Predicted price:'0.0'
2018-03-05 23:54:01:INFO: Predicted price:'0.0'
2018-03-05 23:55:01:INFO: Predicted price:'0.0'
2018-03-05 23:56:02:INFO: Predicted price:'0.0'
2018-03-05 23:57:02:INFO: Predicted price:'0.0'
2018-03-05 23:58:02:INFO: Predicted price:'0.0'
2018-03-05 23:59:02:INFO: Predicted price:'0.0'
2018-03-06 00:00:01:INFO: Predicted price:'0.0'
2018-03-06 00:01:02:INFO: Predicted price:'0.0'
2018-03-06 00:02:02:INFO: Predicted price:'0.0'
2018-03-06 00:03:01:INFO: Predicted price:'0.0'
2018-03-06 00:04:01:INFO: Predicted price:'1.0'
2018-03-06 00:05:02:INFO: Predicted price:'1.0'
2018-03-06 00:06:02:INFO: Predicted price:'0.0'
2018-03-06 00:07:02:INFO: Predicted price:'0.0'
2018-03-06 00:08:02:INFO: Predicted price:'0.0'
2018-03-06 00:09:02:INFO: Predicted price:'0.0'
2018-03-06 00:10:01:INFO: Predicted price:'0.0'
2018-03-06 00:11:02:INFO: Predicted price:'-1.0'
2018-03-06 00:12:02:INFO: Predicted price:'0.0'
2018-03-06 00:13:01:INFO: Predicted price:'0.0'
2018-03-06 00:14:02:INFO: Predicted price:'0.0'
2018-03-06 00:15:01:INFO: Predicted price:'0.0'
2018-03-06 00:16:02:INFO: Predicted price:'0.0'
2018-03-06 00:17:01:INFO: Predicted price:'0.0'
2018-03-06 00:18:02:INFO: Predicted price:'0.0'
2018-03-06 00:19:02:INFO: Predicted price:'0.0'
2018-03-06 00:20:02:INFO: Predicted price:'0.0'
2018-03-06 00:21:02:INFO: Predicted price:'0.0'
2018-03-06 00:22:01:INFO: Predicted price:'0.0'
2018-03-06 00:23:02:INFO: Predicted price:'0.0'
2018-03-06 00:24:01:INFO: Predicted price:'0.0'
2018-03-06 00:25:01:INFO: Predicted price:'0.0'
2018-03-06 00:26:02:INFO: Predicted price:'0.0'
2018-03-06 00:27:02:INFO: Predicted price:'0.0'
2018-03-06 00:28:02:INFO: Predicted price:'1.0'
2018-03-06 00:29:02:INFO: Predicted price:'1.0'
2018-03-06 00:30:01:INFO: Predicted price:'1.0'
2018-03-06 00:31:02:INFO: Predicted price:'1.0'
2018-03-06 00:32:02:INFO: Predicted price:'1.0'
2018-03-06 00:33:01:INFO: Predicted price:'0.0'
2018-03-06 00:33:33:INFO: Create connection.
2018-03-06 00:33:39:INFO: Successfully connected.
2018-03-06 00:33:39:INFO: Create signalers.
2018-03-06 00:33:39:INFO: Create traders.
2018-03-06 00:33:39:INFO: Create Learner.
2018-03-06 00:33:46:INFO: Predicted price:'0.0'
2018-03-06 00:34:31:INFO: Create connection.
2018-03-06 00:34:37:INFO: Successfully connected.
2018-03-06 00:34:37:INFO: Create signalers.
2018-03-06 00:34:37:INFO: Create traders.
2018-03-06 00:34:37:INFO: Create Learner.
2018-03-06 08:50:12:INFO: Create connection.
2018-03-06 08:50:19:INFO: Successfully connected.
2018-03-06 08:50:19:INFO: Create signalers.
2018-03-06 08:50:19:INFO: Create traders.
2018-03-06 08:50:19:INFO: Create Learner.
2018-03-06 08:55:03:INFO: Create connection.
2018-03-06 08:55:09:INFO: Successfully connected.
2018-03-06 08:55:09:INFO: Create signalers.
2018-03-06 08:55:09:INFO: Create traders.
2018-03-06 08:55:09:INFO: Create Learner.
2018-03-06 08:55:10:INFO: Predicted price:'0.0'
2018-03-06 08:56:01:INFO: Predicted price:'0.0'
2018-03-06 08:57:02:INFO: Predicted price:'0.0'
2018-03-06 08:58:01:INFO: Predicted price:'0.0'
2018-03-06 08:59:01:INFO: Predicted price:'0.0'
2018-03-06 09:00:02:INFO: Predicted price:'0.0'
2018-03-06 09:01:02:INFO: Predicted price:'0.0'
2018-03-06 09:02:02:INFO: Predicted price:'0.0'
2018-03-06 09:03:01:INFO: Predicted price:'0.0'
2018-03-06 09:04:02:INFO: Predicted price:'0.0'
2018-03-06 09:05:02:INFO: Predicted price:'0.0'
2018-03-06 09:06:01:INFO: Predicted price:'0.0'
2018-03-06 09:07:02:INFO: Predicted price:'0.0'
2018-03-06 09:08:01:INFO: Predicted price:'0.0'
2018-03-06 09:09:02:INFO: Predicted price:'0.0'
2018-03-06 09:10:02:INFO: Predicted price:'0.0'
2018-03-06 09:11:02:INFO: Predicted price:'0.0'
2018-03-06 09:12:02:INFO: Predicted price:'0.0'
2018-03-06 09:13:01:INFO: Predicted price:'0.0'
2018-03-06 09:14:02:INFO: Predicted price:'0.0'
2018-03-06 09:15:01:INFO: Predicted price:'0.0'
2018-03-06 09:16:01:INFO: Predicted price:'0.0'
2018-03-06 09:17:02:INFO: Predicted price:'0.0'
2018-03-06 09:18:02:INFO: Predicted price:'0.0'
2018-03-06 09:19:02:INFO: Predicted price:'0.0'
